#0 building with "desktop-linux" instance using docker driver

#1 [internal] load build definition from Dockerfile
#1 transferring dockerfile: 3.76kB done
#1 DONE 0.0s

#2 resolve image config for docker-image://docker.io/docker/dockerfile:1.7
#2 DONE 0.8s

#3 docker-image://docker.io/docker/dockerfile:1.7@sha256:a57df69d0ea827fb7266491f2813635de6f17269be881f696fbfdf2d83dda33e
#3 CACHED

#4 [internal] load metadata for docker.io/library/node:20.19.0-alpine3.20
#4 DONE 0.4s

#5 [internal] load .dockerignore
#5 transferring context: 488B done
#5 DONE 0.0s

#6 [runner  1/15] FROM docker.io/library/node:20.19.0-alpine3.20@sha256:9a9c00587bcb88209b164b2dba1f59c7389ac3a2cec2cfe490fc43cd947ed531
#6 DONE 0.0s

#7 [internal] load build context
#7 transferring context: 16.88kB done
#7 DONE 0.0s

#8 [runner  2/15] WORKDIR /app
#8 CACHED

#9 [deps 4/5] COPY .yarn .yarn
#9 CACHED

#10 [deps 5/5] RUN --mount=type=cache,target=/root/.yarn     yarn install --immutable
#10 CACHED

#11 [deps 3/5] COPY package.json yarn.lock .yarnrc.yml ./
#11 CACHED

#12 [builder 3/5] COPY --from=deps /app/node_modules ./node_modules
#12 CACHED

#13 [builder 4/5] COPY . .
#13 DONE 0.0s

#14 [builder 5/5] RUN yarn build
#14 1.094 ▲ Next.js 16.1.1 (Turbopack)
#14 1.094 
#14 1.115   Creating an optimized production build ...
